::1 - - [11/Sep/2025:15:26:49 +0000] "GET /api/branding HTTP/1.1" 400 35 "-" "Mozilla/5.0 (Macintosh; Intel Mac OS X 10_15_7) AppleWebKit/605.1.15 (KHTML, like Gecko) Version/17.3 Safari/605.1.15 Ddg/17.3"
::1 - - [11/Sep/2025:15:26:58 +0000] "POST /api/chat HTTP/1.1" 200 111 "-" "Mozilla/5.0 (Macintosh; Intel Mac OS X 10_15_7) AppleWebKit/605.1.15 (KHTML, like Gecko) Version/17.3 Safari/605.1.15 Ddg/17.3"
::1 - - [11/Sep/2025:15:27:04 +0000] "GET /api/branding?cid=demo HTTP/1.1" 200 123 "-" "curl/8.4.0"
::1 - - [11/Sep/2025:15:27:04 +0000] "POST /api/chat?cid=demo HTTP/1.1" 200 100 "-" "curl/8.4.0"
::1 - - [11/Sep/2025:15:28:57 +0000] "GET /api/branding HTTP/1.1" 400 35 "-" "Mozilla/5.0 (Macintosh; Intel Mac OS X 10_15_7) AppleWebKit/605.1.15 (KHTML, like Gecko) Version/17.3 Safari/605.1.15 Ddg/17.3"
::1 - - [11/Sep/2025:15:29:05 +0000] "POST /api/chat HTTP/1.1" 200 111 "-" "Mozilla/5.0 (Macintosh; Intel Mac OS X 10_15_7) AppleWebKit/605.1.15 (KHTML, like Gecko) Version/17.3 Safari/605.1.15 Ddg/17.3"
::1 - - [11/Sep/2025:15:33:49 +0000] "GET /embed.js HTTP/1.1" 404 147 "-" "Mozilla/5.0 (Macintosh; Intel Mac OS X 10_15_7) AppleWebKit/605.1.15 (KHTML, like Gecko) Version/17.3 Safari/605.1.15 Ddg/17.3"
::1 - - [11/Sep/2025:15:33:51 +0000] "GET /embed.js HTTP/1.1" 404 147 "-" "Mozilla/5.0 (Macintosh; Intel Mac OS X 10_15_7) AppleWebKit/605.1.15 (KHTML, like Gecko) Version/17.3 Safari/605.1.15 Ddg/17.3"
::1 - - [11/Sep/2025:15:33:55 +0000] "GET /embed.js HTTP/1.1" 404 147 "-" "Mozilla/5.0 (Macintosh; Intel Mac OS X 10_15_7) AppleWebKit/605.1.15 (KHTML, like Gecko) Version/17.3 Safari/605.1.15 Ddg/17.3"
::1 - - [11/Sep/2025:15:49:24 +0000] "GET /embed.js HTTP/1.1" 200 4394 "-" "Mozilla/5.0 (Macintosh; Intel Mac OS X 10_15_7) AppleWebKit/605.1.15 (KHTML, like Gecko) Version/17.3 Safari/605.1.15 Ddg/17.3"
::1 - - [11/Sep/2025:15:49:30 +0000] "GET /embed.js HTTP/1.1" 304 - "-" "Mozilla/5.0 (Macintosh; Intel Mac OS X 10_15_7) AppleWebKit/605.1.15 (KHTML, like Gecko) Version/17.3 Safari/605.1.15 Ddg/17.3"
::1 - - [11/Sep/2025:15:49:30 +0000] "GET /api/branding?cid=demo HTTP/1.1" 200 123 "-" "Mozilla/5.0 (Macintosh; Intel Mac OS X 10_15_7) AppleWebKit/605.1.15 (KHTML, like Gecko) Version/17.3 Safari/605.1.15 Ddg/17.3"
::1 - - [11/Sep/2025:15:49:39 +0000] "POST /api/chat?cid=demo HTTP/1.1" 200 100 "-" "Mozilla/5.0 (Macintosh; Intel Mac OS X 10_15_7) AppleWebKit/605.1.15 (KHTML, like Gecko) Version/17.3 Safari/605.1.15 Ddg/17.3"
::1 - - [11/Sep/2025:15:49:50 +0000] "POST /api/chat?cid=demo HTTP/1.1" 200 113 "-" "Mozilla/5.0 (Macintosh; Intel Mac OS X 10_15_7) AppleWebKit/605.1.15 (KHTML, like Gecko) Version/17.3 Safari/605.1.15 Ddg/17.3"
::1 - - [11/Sep/2025:15:54:53 +0000] "GET /embed.js HTTP/1.1" 200 4340 "-" "Mozilla/5.0 (Macintosh; Intel Mac OS X 10_15_7) AppleWebKit/605.1.15 (KHTML, like Gecko) Version/17.3 Safari/605.1.15 Ddg/17.3"
::1 - - [11/Sep/2025:15:54:56 +0000] "GET /embed.js HTTP/1.1" 200 4340 "-" "Mozilla/5.0 (Macintosh; Intel Mac OS X 10_15_7) AppleWebKit/605.1.15 (KHTML, like Gecko) Version/17.3 Safari/605.1.15 Ddg/17.3"
::1 - - [11/Sep/2025:15:54:56 +0000] "GET /api/branding?cid=demo HTTP/1.1" 304 - "-" "Mozilla/5.0 (Macintosh; Intel Mac OS X 10_15_7) AppleWebKit/605.1.15 (KHTML, like Gecko) Version/17.3 Safari/605.1.15 Ddg/17.3"
::1 - - [11/Sep/2025:15:55:03 +0000] "POST /api/chat?cid=demo HTTP/1.1" 200 100 "-" "Mozilla/5.0 (Macintosh; Intel Mac OS X 10_15_7) AppleWebKit/605.1.15 (KHTML, like Gecko) Version/17.3 Safari/605.1.15 Ddg/17.3"
::1 - - [11/Sep/2025:15:55:10 +0000] "POST /api/chat?cid=demo HTTP/1.1" 200 113 "-" "Mozilla/5.0 (Macintosh; Intel Mac OS X 10_15_7) AppleWebKit/605.1.15 (KHTML, like Gecko) Version/17.3 Safari/605.1.15 Ddg/17.3"
::1 - - [11/Sep/2025:15:55:23 +0000] "POST /api/chat?cid=demo HTTP/1.1" 200 88 "-" "Mozilla/5.0 (Macintosh; Intel Mac OS X 10_15_7) AppleWebKit/605.1.15 (KHTML, like Gecko) Version/17.3 Safari/605.1.15 Ddg/17.3"
::1 - - [11/Sep/2025:15:55:27 +0000] "POST /api/chat?cid=demo HTTP/1.1" 200 88 "-" "Mozilla/5.0 (Macintosh; Intel Mac OS X 10_15_7) AppleWebKit/605.1.15 (KHTML, like Gecko) Version/17.3 Safari/605.1.15 Ddg/17.3"
::1 - - [11/Sep/2025:15:55:35 +0000] "POST /api/chat?cid=demo HTTP/1.1" 200 91 "-" "Mozilla/5.0 (Macintosh; Intel Mac OS X 10_15_7) AppleWebKit/605.1.15 (KHTML, like Gecko) Version/17.3 Safari/605.1.15 Ddg/17.3"
::1 - - [11/Sep/2025:16:32:19 +0000] "GET /embed.js HTTP/1.1" 200 4278 "-" "Mozilla/5.0 (Macintosh; Intel Mac OS X 10_15_7) AppleWebKit/605.1.15 (KHTML, like Gecko) Version/17.3 Safari/605.1.15 Ddg/17.3"
::1 - - [11/Sep/2025:16:32:19 +0000] "GET /api/branding?cid=demo HTTP/1.1" 200 123 "-" "Mozilla/5.0 (Macintosh; Intel Mac OS X 10_15_7) AppleWebKit/605.1.15 (KHTML, like Gecko) Version/17.3 Safari/605.1.15 Ddg/17.3"
::1 - - [11/Sep/2025:16:33:45 +0000] "POST /api/chat?cid=demo HTTP/1.1" 200 122 "-" "Mozilla/5.0 (Macintosh; Intel Mac OS X 10_15_7) AppleWebKit/605.1.15 (KHTML, like Gecko) Version/17.3 Safari/605.1.15 Ddg/17.3"
::1 - - [11/Sep/2025:16:34:02 +0000] "POST /api/chat?cid=demo HTTP/1.1" 200 141 "-" "Mozilla/5.0 (Macintosh; Intel Mac OS X 10_15_7) AppleWebKit/605.1.15 (KHTML, like Gecko) Version/17.3 Safari/605.1.15 Ddg/17.3"
::1 - - [11/Sep/2025:16:34:13 +0000] "POST /api/chat?cid=demo HTTP/1.1" 200 119 "-" "Mozilla/5.0 (Macintosh; Intel Mac OS X 10_15_7) AppleWebKit/605.1.15 (KHTML, like Gecko) Version/17.3 Safari/605.1.15 Ddg/17.3"
::1 - - [11/Sep/2025:16:34:30 +0000] "POST /api/chat?cid=demo HTTP/1.1" 200 144 "-" "Mozilla/5.0 (Macintosh; Intel Mac OS X 10_15_7) AppleWebKit/605.1.15 (KHTML, like Gecko) Version/17.3 Safari/605.1.15 Ddg/17.3"
::1 - - [11/Sep/2025:16:34:45 +0000] "POST /api/chat?cid=demo HTTP/1.1" 200 158 "-" "Mozilla/5.0 (Macintosh; Intel Mac OS X 10_15_7) AppleWebKit/605.1.15 (KHTML, like Gecko) Version/17.3 Safari/605.1.15 Ddg/17.3"
::1 - - [11/Sep/2025:16:35:29 +0000] "POST /api/chat?cid=demo HTTP/1.1" 200 137 "-" "Mozilla/5.0 (Macintosh; Intel Mac OS X 10_15_7) AppleWebKit/605.1.15 (KHTML, like Gecko) Version/17.3 Safari/605.1.15 Ddg/17.3"
